g:\devprojects\flengine\flengine\x64\debug\vc143.pdb
g:\devprojects\flengine\flengine\x64\debug\vc143.idb
g:\devprojects\flengine\flengine\x64\debug\spirvconverter.obj
g:\devprojects\flengine\flengine\x64\debug\flfilesystem.obj
g:\devprojects\flengine\flengine\x64\debug\flengine.obj
g:\devprojects\flengine\flengine\x64\debug\imgui_widgets.obj
g:\devprojects\flengine\flengine\x64\debug\imgui_tables.obj
g:\devprojects\flengine\flengine\x64\debug\imgui_impl_vulkan.obj
g:\devprojects\flengine\flengine\x64\debug\imgui_impl_glfw.obj
g:\devprojects\flengine\flengine\x64\debug\imgui_draw.obj
g:\devprojects\flengine\flengine\x64\debug\imgui_demo.obj
g:\devprojects\flengine\flengine\x64\debug\imgui.obj
g:\devprojects\flengine\flengine\x64\debug\flui.obj
g:\devprojects\flengine\flengine\x64\debug\flwindow.obj
g:\devprojects\flengine\flengine\x64\debug\fltickable.obj
g:\devprojects\flengine\flengine\x64\debug\flinputmanager.obj
g:\devprojects\flengine\flengine\x64\debug\flcamera.obj
g:\devprojects\flengine\flengine\x64\debug\flassetmanager.obj
g:\devprojects\flengine\flengine\x64\debug\flapp.obj
g:\devprojects\flengine\x64\debug\flengine.pdb
g:\devprojects\flengine\flengine\x64\debug\flengine.tlog\cl.command.1.tlog
g:\devprojects\flengine\flengine\x64\debug\flengine.tlog\cl.items.tlog
g:\devprojects\flengine\flengine\x64\debug\flengine.tlog\cl.read.1.tlog
g:\devprojects\flengine\flengine\x64\debug\flengine.tlog\cl.write.1.tlog
g:\devprojects\flengine\flengine\x64\debug\flengine.tlog\link-cvtres.read.1.tlog
g:\devprojects\flengine\flengine\x64\debug\flengine.tlog\link-cvtres.write.1.tlog
g:\devprojects\flengine\flengine\x64\debug\flengine.tlog\link-rc.read.1.tlog
g:\devprojects\flengine\flengine\x64\debug\flengine.tlog\link-rc.write.1.tlog
g:\devprojects\flengine\flengine\x64\debug\flengine.tlog\link.15844-cvtres.read.1.tlog
g:\devprojects\flengine\flengine\x64\debug\flengine.tlog\link.15844-cvtres.write.1.tlog
g:\devprojects\flengine\flengine\x64\debug\flengine.tlog\link.15844-rc.read.1.tlog
g:\devprojects\flengine\flengine\x64\debug\flengine.tlog\link.15844-rc.write.1.tlog
g:\devprojects\flengine\flengine\x64\debug\flengine.tlog\link.15844.read.1.tlog
g:\devprojects\flengine\flengine\x64\debug\flengine.tlog\link.15844.read.2.tlog
g:\devprojects\flengine\flengine\x64\debug\flengine.tlog\link.15844.write.1.tlog
g:\devprojects\flengine\flengine\x64\debug\flengine.tlog\link.command.1.tlog
g:\devprojects\flengine\flengine\x64\debug\flengine.tlog\link.read.1.tlog
g:\devprojects\flengine\flengine\x64\debug\flengine.tlog\link.read.2.tlog
g:\devprojects\flengine\flengine\x64\debug\flengine.tlog\link.write.1.tlog
